#
# There is insufficient memory for the Java Runtime Environment to continue.
# Native memory allocation (malloc) failed to allocate 693632 bytes for Chunk::new
# Possible reasons:
#   The system is out of physical RAM or swap space
#   In 32 bit mode, the process size limit was hit
# Possible solutions:
#   Reduce memory load on the system
#   Increase physical memory or swap space
#   Check if swap backing store is full
#   Use 64 bit Java on a 64 bit OS
#   Decrease Java heap size (-Xmx/-Xms)
#   Decrease number of Java threads
#   Decrease Java thread stack sizes (-Xss)
#   Set larger code cache with -XX:ReservedCodeCacheSize=
# This output file may be truncated or incomplete.
#
#  Out of Memory Error (allocation.cpp:390), pid=5404, tid=0x00000000000006f8
#
# JRE version: OpenJDK Runtime Environment (8.0_112-b06) (build 1.8.0_112-release-b06)
# Java VM: OpenJDK 64-Bit Server VM (25.112-b06 mixed mode windows-amd64 compressed oops)
# Failed to write core dump. Minidumps are not enabled by default on client versions of Windows
#

---------------  T H R E A D  ---------------

Current thread (0x0000000014fae000):  JavaThread "C2 CompilerThread1" daemon [_thread_in_native, id=1784, stack(0x0000000016710000,0x0000000016810000)]

Stack: [0x0000000016710000,0x0000000016810000]
[error occurred during error reporting (printing stack bounds), id 0xc0000005]

Native frames: (J=compiled Java code, j=interpreted, Vv=VM code, C=native code)


Current CompileTask:
C2:  12381 2285       4       com.android.dx.ssa.back.IdenticalBlockCombiner::process (323 bytes)


---------------  P R O C E S S  ---------------

Java Threads: ( => current thread )
  0x0000000016ff9000 JavaThread "pool-2-thread-4" [_thread_blocked, id=3776, stack(0x0000000018ae0000,0x0000000018be0000)]
  0x0000000016ff8000 JavaThread "pool-2-thread-3" [_thread_blocked, id=9256, stack(0x00000000189e0000,0x0000000018ae0000)]
  0x0000000017439000 JavaThread "pool-2-thread-2" [_thread_blocked, id=1988, stack(0x00000000188e0000,0x00000000189e0000)]
  0x0000000017438000 JavaThread "pool-3-thread-1" [_thread_blocked, id=380, stack(0x00000000187e0000,0x00000000188e0000)]
  0x0000000016bda000 JavaThread "pool-2-thread-1" [_thread_blocked, id=9724, stack(0x00000000186e0000,0x00000000187e0000)]
  0x0000000016930800 JavaThread "Service Thread" daemon [_thread_blocked, id=9472, stack(0x0000000016d10000,0x0000000016e10000)]
  0x0000000014fd8000 JavaThread "C1 CompilerThread2" daemon [_thread_blocked, id=1080, stack(0x0000000016810000,0x0000000016910000)]
=>0x0000000014fae000 JavaThread "C2 CompilerThread1" daemon [_thread_in_native, id=1784, stack(0x0000000016710000,0x0000000016810000)]
  0x0000000014fab000 JavaThread "C2 CompilerThread0" daemon [_thread_in_native, id=6768, stack(0x0000000016610000,0x0000000016710000)]
  0x0000000014fa9800 JavaThread "Attach Listener" daemon [_thread_blocked, id=5624, stack(0x0000000016510000,0x0000000016610000)]
  0x0000000014fa8800 JavaThread "Signal Dispatcher" daemon [_thread_blocked, id=8652, stack(0x0000000016410000,0x0000000016510000)]
  0x00000000028db000 JavaThread "Finalizer" daemon [_thread_blocked, id=3108, stack(0x0000000016200000,0x0000000016300000)]
  0x00000000028d0000 JavaThread "Reference Handler" daemon [_thread_blocked, id=272, stack(0x0000000016100000,0x0000000016200000)]
  0x00000000027e0800 JavaThread "main" [_thread_blocked, id=8680, stack(0x00000000026e0000,0x00000000027e0000)]

Other Threads:
  0x0000000014f76800 VMThread [stack: 0x0000000016000000,0x0000000016100000] [id=6516]
  0x0000000016931000 WatcherThread [stack: 0x0000000016e10000,0x0000000016f10000] [id=9608]

VM state:at safepoint (normal execution)

VM Mutex/Monitor currently owned by a thread:  ([mutex/lock_event])
[0x0000000000a4c900] Threads_lock - owner thread: 0x0000000014f76800
[0x0000000000a4c480] Heap_lock - owner thread: 0x0000000017439000

Heap:
 PSYoungGen      total 235520K, used 223232K [0x00000000eab00000, 0x0000000100000000, 0x0000000100000000)
  eden space 223232K, 100% used [0x00000000eab00000,0x00000000f8500000,0x00000000f8500000)
  from space 12288K, 0% used [0x00000000fb680000,0x00000000fb680000,0x00000000fc280000)
  to   space 50688K, 0% used [0x00000000f8500000,0x00000000f8500000,0x00000000fb680000)
 ParOldGen       total 94208K, used 93961K [0x00000000c0000000, 0x00000000c5c00000, 0x00000000eab00000)
  object space 94208K, 99% used [0x00000000c0000000,0x00000000c5bc2770,0x00000000c5c00000)
 Metaspace       used 6561K, capacity 7344K, committed 7552K, reserved 1056768K
  class space    used 596K, capacity 616K, committed 640K, reserved 1048576K

Card table byte_map: [0x0000000011ca0000,0x0000000011eb0000] byte_map_base: 0x00000000116a0000

Marking Bits: (ParMarkBitMap*) 0x000000006d9718f0
 Begin Bits: [0x0000000012410000, 0x0000000013410000)
 End Bits:   [0x0000000013410000, 0x0000000014410000)

Polling page: 0x00000000005f0000

CodeCache: size=245760Kb used=10981Kb max_used=10981Kb free=234778Kb
 bounds [0x00000000028e0000, 0x00000000033b0000, 0x00000000118e0000]
 total_blobs=2581 nmethods=2313 adapters=181
 compilation: enabled

Compilation events (10 events):
Event: 12.077 Thread 0x0000000014fd8000 2450       2       com.android.dx.dex.code.RopTranslator$LocalVariableAwareTranslationVisitor::visitSwitchInsn (11 bytes)
Event: 12.078 Thread 0x0000000014fd8000 nmethod 2450 0x000000000336c850 code [0x000000000336ca00, 0x000000000336ce18]
Event: 12.170 Thread 0x0000000014fd8000 2453       2       java.util.concurrent.FutureTask$WaitNode::<init> (12 bytes)
Event: 12.170 Thread 0x0000000014fd8000 nmethod 2453 0x0000000002a43910 code [0x0000000002a43a60, 0x0000000002a43bd0]
Event: 12.188 Thread 0x0000000014fd8000 2455  s    1       java.io.ByteArrayOutputStream::reset (6 bytes)
Event: 12.188 Thread 0x0000000014fd8000 nmethod 2455 0x000000000336c410 code [0x000000000336c560, 0x000000000336c7d0]
Event: 12.220 Thread 0x0000000014fd8000 2456   !   3       com.android.dx.cf.direct.MemberListParser::parse (641 bytes)
Event: 12.228 Thread 0x0000000014fd8000 nmethod 2456 0x000000000339a190 code [0x000000000339ad60, 0x00000000033a3878]
Event: 12.270 Thread 0x0000000014fd8000 2458   !   3       com.android.dx.cf.code.BasicBlocker::doit (156 bytes)
Event: 12.272 Thread 0x0000000014fd8000 nmethod 2458 0x0000000003383650 code [0x00000000033838e0, 0x0000000003384c78]

GC Heap History (10 events):
Event: 5.324 GC heap after
Heap after GC invocations=11 (full 1):
 PSYoungGen      total 235520K, used 12288K [0x00000000eab00000, 0x0000000100000000, 0x0000000100000000)
  eden space 223232K, 0% used [0x00000000eab00000,0x00000000eab00000,0x00000000f8500000)
  from space 12288K, 100% used [0x00000000fb680000,0x00000000fc280000,0x00000000fc280000)
  to   space 50688K, 0% used [0x00000000f8500000,0x00000000f8500000,0x00000000fb680000)
 ParOldGen       total 94208K, used 93231K [0x00000000c0000000, 0x00000000c5c00000, 0x00000000eab00000)
  object space 94208K, 98% used [0x00000000c0000000,0x00000000c5b0bd40,0x00000000c5c00000)
 Metaspace       used 6529K, capacity 7344K, committed 7552K, reserved 1056768K
  class space    used 596K, capacity 616K, committed 640K, reserved 1048576K
}
Event: 5.324 GC heap before
{Heap before GC invocations=12 (full 2):
 PSYoungGen      total 235520K, used 12288K [0x00000000eab00000, 0x0000000100000000, 0x0000000100000000)
  eden space 223232K, 0% used [0x00000000eab00000,0x00000000eab00000,0x00000000f8500000)
  from space 12288K, 100% used [0x00000000fb680000,0x00000000fc280000,0x00000000fc280000)
  to   space 50688K, 0% used [0x00000000f8500000,0x00000000f8500000,0x00000000fb680000)
 ParOldGen       total 94208K, used 93231K [0x00000000c0000000, 0x00000000c5c00000, 0x00000000eab00000)
  object space 94208K, 98% used [0x00000000c0000000,0x00000000c5b0bd40,0x00000000c5c00000)
 Metaspace       used 6529K, capacity 7344K, committed 7552K, reserved 1056768K
  class space    used 596K, capacity 616K, committed 640K, reserved 1048576K
Event: 6.341 GC heap after
Heap after GC invocations=12 (full 2):
 PSYoungGen      total 235520K, used 7146K [0x00000000eab00000, 0x0000000100000000, 0x0000000100000000)
  eden space 223232K, 0% used [0x00000000eab00000,0x00000000eab00000,0x00000000f8500000)
  from space 12288K, 58% used [0x00000000fb680000,0x00000000fbd7abb8,0x00000000fc280000)
  to   space 50688K, 0% used [0x00000000f8500000,0x00000000f8500000,0x00000000fb680000)
 ParOldGen       total 94208K, used 93885K [0x00000000c0000000, 0x00000000c5c00000, 0x00000000eab00000)
  object space 94208K, 99% used [0x00000000c0000000,0x00000000c5baf508,0x00000000c5c00000)
 Metaspace       used 6529K, capacity 7344K, committed 7552K, reserved 1056768K
  class space    used 596K, capacity 616K, committed 640K, reserved 1048576K
}
Event: 8.554 GC heap before
{Heap before GC invocations=13 (full 3):
 PSYoungGen      total 235520K, used 230378K [0x00000000eab00000, 0x0000000100000000, 0x0000000100000000)
  eden space 223232K, 100% used [0x00000000eab00000,0x00000000f8500000,0x00000000f8500000)
  from space 12288K, 58% used [0x00000000fb680000,0x00000000fbd7abb8,0x00000000fc280000)
  to   space 50688K, 0% used [0x00000000f8500000,0x00000000f8500000,0x00000000fb680000)
 ParOldGen       total 94208K, used 93885K [0x00000000c0000000, 0x00000000c5c00000, 0x00000000eab00000)
  object space 94208K, 99% used [0x00000000c0000000,0x00000000c5baf508,0x00000000c5c00000)
 Metaspace       used 6531K, capacity 7344K, committed 7552K, reserved 1056768K
  class space    used 596K, capacity 616K, committed 640K, reserved 1048576K
Event: 9.470 GC heap after
Heap after GC invocations=13 (full 3):
 PSYoungGen      total 235520K, used 35828K [0x00000000eab00000, 0x0000000100000000, 0x0000000100000000)
  eden space 223232K, 16% used [0x00000000eab00000,0x00000000ecdfd018,0x00000000f8500000)
  from space 12288K, 0% used [0x00000000fb680000,0x00000000fb680000,0x00000000fc280000)
  to   space 50688K, 0% used [0x00000000f8500000,0x00000000f8500000,0x00000000fb680000)
 ParOldGen       total 94208K, used 94147K [0x00000000c0000000, 0x00000000c5c00000, 0x00000000eab00000)
  object space 94208K, 99% used [0x00000000c0000000,0x00000000c5bf0c80,0x00000000c5c00000)
 Metaspace       used 6531K, capacity 7344K, committed 7552K, reserved 1056768K
  class space    used 596K, capacity 616K, committed 640K, reserved 1048576K
}
Event: 10.185 GC heap before
{Heap before GC invocations=14 (full 4):
 PSYoungGen      total 235520K, used 223232K [0x00000000eab00000, 0x0000000100000000, 0x0000000100000000)
  eden space 223232K, 100% used [0x00000000eab00000,0x00000000f8500000,0x00000000f8500000)
  from space 12288K, 0% used [0x00000000fb680000,0x00000000fb680000,0x00000000fc280000)
  to   space 50688K, 0% used [0x00000000f8500000,0x00000000f8500000,0x00000000fb680000)
 ParOldGen       total 94208K, used 94147K [0x00000000c0000000, 0x00000000c5c00000, 0x00000000eab00000)
  object space 94208K, 99% used [0x00000000c0000000,0x00000000c5bf0c80,0x00000000c5c00000)
 Metaspace       used 6550K, capacity 7344K, committed 7552K, reserved 1056768K
  class space    used 596K, capacity 616K, committed 640K, reserved 1048576K
Event: 11.033 GC heap after
Heap after GC invocations=14 (full 4):
 PSYoungGen      total 235520K, used 63340K [0x00000000eab00000, 0x0000000100000000, 0x0000000100000000)
  eden space 223232K, 28% used [0x00000000eab00000,0x00000000ee8db200,0x00000000f8500000)
  from space 12288K, 0% used [0x00000000fb680000,0x00000000fb680000,0x00000000fc280000)
  to   space 50688K, 0% used [0x00000000f8500000,0x00000000f8500000,0x00000000fb680000)
 ParOldGen       total 94208K, used 93962K [0x00000000c0000000, 0x00000000c5c00000, 0x00000000eab00000)
  object space 94208K, 99% used [0x00000000c0000000,0x00000000c5bc2980,0x00000000c5c00000)
 Metaspace       used 6550K, capacity 7344K, committed 7552K, reserved 1056768K
  class space    used 596K, capacity 616K, committed 640K, reserved 1048576K
}
Event: 11.427 GC heap before
{Heap before GC invocations=15 (full 5):
 PSYoungGen      total 235520K, used 223232K [0x00000000eab00000, 0x0000000100000000, 0x0000000100000000)
  eden space 223232K, 100% used [0x00000000eab00000,0x00000000f8500000,0x00000000f8500000)
  from space 12288K, 0% used [0x00000000fb680000,0x00000000fb680000,0x00000000fc280000)
  to   space 50688K, 0% used [0x00000000f8500000,0x00000000f8500000,0x00000000fb680000)
 ParOldGen       total 94208K, used 93962K [0x00000000c0000000, 0x00000000c5c00000, 0x00000000eab00000)
  object space 94208K, 99% used [0x00000000c0000000,0x00000000c5bc2980,0x00000000c5c00000)
 Metaspace       used 6560K, capacity 7344K, committed 7552K, reserved 1056768K
  class space    used 596K, capacity 616K, committed 640K, reserved 1048576K
Event: 12.008 GC heap after
Heap after GC invocations=15 (full 5):
 PSYoungGen      total 235520K, used 88725K [0x00000000eab00000, 0x0000000100000000, 0x0000000100000000)
  eden space 223232K, 39% used [0x00000000eab00000,0x00000000f01a5700,0x00000000f8500000)
  from space 12288K, 0% used [0x00000000fb680000,0x00000000fb680000,0x00000000fc280000)
  to   space 50688K, 0% used [0x00000000f8500000,0x00000000f8500000,0x00000000fb680000)
 ParOldGen       total 94208K, used 93961K [0x00000000c0000000, 0x00000000c5c00000, 0x00000000eab00000)
  object space 94208K, 99% used [0x00000000c0000000,0x00000000c5bc2770,0x00000000c5c00000)
 Metaspace       used 6560K, capacity 7344K, committed 7552K, reserved 1056768K
  class space    used 596K, capacity 616K, committed 640K, reserved 1048576K
}
Event: 12.341 GC heap before
{Heap before GC invocations=16 (full 6):
 PSYoungGen      total 235520K, used 223232K [0x00000000eab00000, 0x0000000100000000, 0x0000000100000000)
  eden space 223232K, 100% used [0x00000000eab00000,0x00000000f8500000,0x00000000f8500000)
  from space 12288K, 0% used [0x00000000fb680000,0x00000000fb680000,0x00000000fc280000)
  to   space 50688K, 0% used [0x00000000f8500000,0x00000000f8500000,0x00000000fb680000)
 ParOldGen       total 94208K, used 93961K [0x00000000c0000000, 0x00000000c5c00000, 0x00000000eab00000)
  object space 94208K, 99% used [0x00000000c0000000,0x00000000c5bc2770,0x00000000c5c00000)
 Metaspace       used 6561K, capacity 7344K, committed 7552K, reserved 1056768K
  class space    used 596K, capacity 616K, committed 640K, reserved 1048576K

Deoptimization events (10 events):
Event: 8.454 Thread 0x0000000016bda000 Uncommon trap: reason=class_check action=maybe_recompile pc=0x00000000031f6a90 method=com.android.dx.cf.code.BytecodeArray.parseInstruction(ILcom/android/dx/cf/code/BytecodeArray$Visitor;)I @ 1687
Event: 8.454 Thread 0x0000000016bda000 Uncommon trap: reason=class_check action=maybe_recompile pc=0x00000000031f6a90 method=com.android.dx.cf.code.BytecodeArray.parseInstruction(ILcom/android/dx/cf/code/BytecodeArray$Visitor;)I @ 1687
Event: 9.496 Thread 0x0000000016bda000 Uncommon trap: reason=unstable_if action=reinterpret pc=0x000000000317df70 method=com.android.dx.ssa.back.IdenticalBlockCombiner.replaceSucc(Lcom/android/dx/rop/code/BasicBlock;II)V @ 30
Event: 10.147 Thread 0x0000000016ff8000 Uncommon trap: reason=bimorphic action=maybe_recompile pc=0x000000000330ff3c method=com.android.dx.cf.code.BytecodeArray.parseInstruction(ILcom/android/dx/cf/code/BytecodeArray$Visitor;)I @ 2484
Event: 10.147 Thread 0x0000000016ff8000 Uncommon trap: reason=bimorphic action=maybe_recompile pc=0x000000000330ff3c method=com.android.dx.cf.code.BytecodeArray.parseInstruction(ILcom/android/dx/cf/code/BytecodeArray$Visitor;)I @ 2484
Event: 10.161 Thread 0x0000000016ff9000 Uncommon trap: reason=unstable_if action=reinterpret pc=0x00000000032bd964 method=com.android.dx.ssa.SCCP.run()V @ 257
Event: 11.076 Thread 0x0000000016ff8000 Uncommon trap: reason=unstable_if action=reinterpret pc=0x0000000002f50a5c method=java.util.HashMap.putVal(ILjava/lang/Object;Ljava/lang/Object;ZZ)Ljava/lang/Object; @ 162
Event: 11.076 Thread 0x0000000016ff8000 Uncommon trap: reason=unstable_if action=reinterpret pc=0x0000000002f4ec94 method=java.util.HashMap.getNode(ILjava/lang/Object;)Ljava/util/HashMap$Node; @ 84
Event: 11.076 Thread 0x0000000016ff8000 Uncommon trap: reason=unstable_if action=reinterpret pc=0x0000000002f05f70 method=java.util.HashMap.getNode(ILjava/lang/Object;)Ljava/util/HashMap$Node; @ 84
Event: 11.183 Thread 0x0000000016ff8000 Uncommon trap: reason=unstable_if action=reinterpret pc=0x00000000031c05d8 method=com.android.dx.cf.code.Merger.mergeType(Lcom/android/dx/rop/type/TypeBearer;Lcom/android/dx/rop/type/TypeBearer;)Lcom/android/dx/rop/type/TypeBearer; @ 77

Internal exceptions (10 events):
Event: 0.051 Thread 0x00000000027e0800 Exception <a 'java/lang/NoSuchMethodError': Method sun.misc.Unsafe.defineClass(Ljava/lang/String;[BII)Ljava/lang/Class; name or signature does not match> (0x00000000eab07c78) thrown at [C:\src\android\AOSP-openjdk\external\jetbrains\jdk\hotspot\src\share\vóƒÑöù©?
Event: 0.051 Thread 0x00000000027e0800 Exception <a 'java/lang/NoSuchMethodError': Method sun.misc.Unsafe.prefetchRead(Ljava/lang/Object;J)V name or signature does not match> (0x00000000eab07f60) thrown at [C:\src\android\AOSP-openjdk\external\jetbrains\jdk\hotspot\src\share\vm\prims\jni.cpp, l¦×Á˜÷ï?
Event: 0.999 Thread 0x0000000016ff9000 Implicit null exception at 0x0000000002c7c5b3 to 0x0000000002c7e111
Event: 1.031 Thread 0x0000000016ff9000 Implicit null exception at 0x0000000002cd99e2 to 0x0000000002cd9ada
Event: 1.327 Thread 0x0000000016bda000 Exception <a 'java/lang/ArrayIndexOutOfBoundsException': 18> (0x00000000ec6d3e00) thrown at [C:\src\android\AOSP-openjdk\external\jetbrains\jdk\hotspot\src\share\vm\interpreter\interpreterRuntime.cpp, line 366]
Event: 1.327 Thread 0x0000000016bda000 Exception <a 'java/lang/ArrayIndexOutOfBoundsException'> (0x00000000ec6d5980) thrown at [C:\src\android\AOSP-openjdk\external\jetbrains\jdk\hotspot\src\share\vm\runtime\sharedRuntime.cpp, line 605]
Event: 1.329 Thread 0x0000000016bda000 Exception <a 'java/lang/ArrayIndexOutOfBoundsException'> (0x00000000ec6d6c68) thrown at [C:\src\android\AOSP-openjdk\external\jetbrains\jdk\hotspot\src\share\vm\runtime\sharedRuntime.cpp, line 605]
Event: 3.224 Thread 0x0000000016ff9000 Implicit null exception at 0x0000000003009443 to 0x000000000300ba19
Event: 3.224 Thread 0x0000000016ff9000 Implicit null exception at 0x0000000002d29992 to 0x0000000002d29b5d
Event: 3.232 Thread 0x0000000016ff9000 Implicit null exception at 0x0000000002e179e6 to 0x0000000002e17b95

Events (10 events):
Event: 12.197 Thread 0x0000000016bda000 DEOPT UNPACKING pc=0x00000000029275bf sp=0x00000000187de550 mode 0
Event: 12.263 Thread 0x0000000017439000 DEOPT PACKING pc=0x0000000003305c41 sp=0x00000000189dea40
Event: 12.263 Thread 0x0000000017439000 DEOPT UNPACKING pc=0x00000000029275bf sp=0x00000000189de7d0 mode 0
Event: 12.322 Thread 0x0000000016ff9000 DEOPT PACKING pc=0x0000000003305bed sp=0x0000000018bde8f0
Event: 12.322 Thread 0x0000000016ff9000 DEOPT UNPACKING pc=0x00000000029275bf sp=0x0000000018bde680 mode 0
Event: 12.337 Executing VM operation: RevokeBias
Event: 12.337 Executing VM operation: RevokeBias done
Event: 12.338 Executing VM operation: RevokeBias
Event: 12.339 Executing VM operation: RevokeBias done
Event: 12.341 Executing VM operation: ParallelGCFailedAllocation


Dynamic libraries:
0x00007ff6a8040000 - 0x00007ff6a8071000 	C:\Program Files\Android\Android Studio\jre\bin\java.exe
0x00007fff032d0000 - 0x00007fff034bd000 	C:\Windows\SYSTEM32\ntdll.dll
0x00007fff008f0000 - 0x00007fff009a3000 	C:\Windows\System32\KERNEL32.DLL
0x00007ffeffc10000 - 0x00007ffeffea3000 	C:\Windows\System32\KERNELBASE.dll
0x00007fff009b0000 - 0x00007fff00a53000 	C:\Windows\System32\ADVAPI32.dll
0x00007fff007a0000 - 0x00007fff0083e000 	C:\Windows\System32\msvcrt.dll
0x00007fff02c50000 - 0x00007fff02cee000 	C:\Windows\System32\sechost.dll
0x00007fff02fd0000 - 0x00007fff030f2000 	C:\Windows\System32\RPCRT4.dll
0x00007fff03100000 - 0x00007fff03297000 	C:\Windows\System32\USER32.dll
0x00007ffeffbf0000 - 0x00007ffeffc10000 	C:\Windows\System32\win32u.dll
0x00007fff00c70000 - 0x00007fff00c99000 	C:\Windows\System32\GDI32.dll
0x00007ffeffeb0000 - 0x00007fff0004a000 	C:\Windows\System32\gdi32full.dll
0x00007fff000a0000 - 0x00007fff00140000 	C:\Windows\System32\msvcp_win.dll
0x00007fff00400000 - 0x00007fff004fa000 	C:\Windows\System32\ucrtbase.dll
0x00007ffef1670000 - 0x00007ffef18e9000 	C:\Windows\WinSxS\amd64_microsoft.windows.common-controls_6595b64144ccf1df_6.0.17763.437_none_05b63dca071e5dd6\COMCTL32.dll
0x00007fff00d10000 - 0x00007fff0103c000 	C:\Windows\System32\combase.dll
0x00007fff00320000 - 0x00007fff0039e000 	C:\Windows\System32\bcryptPrimitives.dll
0x00007fff00c30000 - 0x00007fff00c5e000 	C:\Windows\System32\IMM32.DLL
0x000000006cff0000 - 0x000000006d0c2000 	C:\Program Files\Android\Android Studio\jre\jre\bin\msvcr100.dll
0x000000006d1b0000 - 0x000000006d9ec000 	C:\Program Files\Android\Android Studio\jre\jre\bin\server\jvm.dll
0x00007fff01160000 - 0x00007fff01168000 	C:\Windows\System32\PSAPI.DLL
0x00007ffefd480000 - 0x00007ffefd4a4000 	C:\Windows\SYSTEM32\WINMM.dll
0x00007ffefa230000 - 0x00007ffefa23a000 	C:\Windows\SYSTEM32\VERSION.dll
0x00007ffefd330000 - 0x00007ffefd35d000 	C:\Windows\SYSTEM32\WINMMBASE.dll
0x00007fff00050000 - 0x00007fff0009a000 	C:\Windows\System32\cfgmgr32.dll
0x00007ffefb290000 - 0x00007ffefb299000 	C:\Windows\SYSTEM32\WSOCK32.dll
0x00007fff00ca0000 - 0x00007fff00d0d000 	C:\Windows\System32\ws2_32.DLL
0x00007ffefa0b0000 - 0x00007ffefa0bf000 	C:\Program Files\Android\Android Studio\jre\jre\bin\verify.dll
0x00007ffeea050000 - 0x00007ffeea079000 	C:\Program Files\Android\Android Studio\jre\jre\bin\java.dll
0x00007ffef7b90000 - 0x00007ffef7ba6000 	C:\Program Files\Android\Android Studio\jre\jre\bin\zip.dll
0x00007fff01760000 - 0x00007fff02c50000 	C:\Windows\System32\SHELL32.dll
0x00007fff00a60000 - 0x00007fff00b08000 	C:\Windows\System32\shcore.dll
0x00007ffeff4a0000 - 0x00007ffeffbea000 	C:\Windows\System32\windows.storage.dll
0x00007ffeff2f0000 - 0x00007ffeff314000 	C:\Windows\System32\profapi.dll
0x00007ffeff320000 - 0x00007ffeff37d000 	C:\Windows\System32\powrprof.dll
0x00007fff01040000 - 0x00007fff01092000 	C:\Windows\System32\shlwapi.dll
0x00007ffeff2d0000 - 0x00007ffeff2e1000 	C:\Windows\System32\kernel.appcore.dll
0x00007ffeff480000 - 0x00007ffeff497000 	C:\Windows\System32\cryptsp.dll

VM Arguments:
jvm_args: -Djava.awt.headless=true -Xmx1024M -Dfile.encoding=windows-1252 -Duser.country=BR -Duser.language=pt -Duser.variant 
java_command: com.android.dx.command.Main --dex --num-threads=4 --multi-dex --main-dex-list C:\Users\Gerson\Documents\offlineforms-master\client\maritaca-mobile\build\intermediates\multi-dex\debug\maindexlist.txt --output C:\Users\Gerson\Documents\offlineforms-master\client\maritaca-mobile\build\intermediates\transforms\dex\debug\folders\1000\1f\main C:\Users\Gerson\Documents\offlineforms-master\client\maritaca-mobile\build\intermediates\transforms\jarMerging\debug\jars\1\1f\combined.jar
java_class_path (initial): C:\Users\Gerson\AppData\Local\Android\Sdk\build-tools\28.0.1\lib\dx.jar
Launcher Type: SUN_STANDARD

Environment Variables:
PATH=C:\Program Files (x86)\Common Files\Oracle\Java\javapath;C:\Windows\system32;C:\Windows;C:\Windows\System32\Wbem;C:\Windows\System32\WindowsPowerShell\v1.0\;C:\Windows\System32\OpenSSH\;C:\Users\Gerson\AppData\Local\Microsoft\WindowsApps;C:\intelFPGA_lite\18.1\modelsim_ase\win32aloem;C:\Users\Gerson\AppData\Local\atom\bin;C:\Users\Gerson\AppData\Local\GitHubDesktop\bin
USERNAME=Gerson
OS=Windows_NT
PROCESSOR_IDENTIFIER=Intel64 Family 6 Model 142 Stepping 9, GenuineIntel



---------------  S Y S T E M  ---------------

OS: Windows 10.0 , 64 bit Build 17763 (10.0.17763.437)

CPU:total 4 (2 cores per cpu, 2 threads per core) family 6 model 142 stepping 9, cmov, cx8, fxsr, mmx, sse, sse2, sse3, ssse3, sse4.1, sse4.2, popcnt, avx, avx2, aes, clmul, erms, 3dnowpref, lzcnt, ht, tsc, tscinvbit, bmi1, bmi2, adx

Memory: 4k page, physical 4090632k(223280k free), swap 8284936k(4832k free)

vm_info: OpenJDK 64-Bit Server VM (25.112-b06) for windows-amd64 JRE (1.8.0_112-release-b06), built on Dec  8 2016 00:54:26 by "builder" with MS VC++ 10.0 (VS2010)

time: Sat Apr 27 23:09:44 2019
elapsed time: 12 seconds (0d 0h 0m 12s)

